Flow report for GRP-ReCOP
Sat May 06 20:44:10 2023
Quartus Prime Version 18.1.0 Build 625 09/12/2018 SJ Standard Edition


---------------------
; Table of Contents ;
---------------------
  1. Legal Notice
  2. Flow Summary
  3. Flow Settings
  4. Flow Non-Default Global Settings
  5. Flow Elapsed Time
  6. Flow OS Summary
  7. Flow Log
  8. Flow Messages
  9. Flow Suppressed Messages



----------------
; Legal Notice ;
----------------
Copyright (C) 2018  Intel Corporation. All rights reserved.
Your use of Intel Corporation's design tools, logic functions 
and other software and tools, and its AMPP partner logic 
functions, and any output files from any of the foregoing 
(including device programming or simulation files), and any 
associated documentation or information are expressly subject 
to the terms and conditions of the Intel Program License 
Subscription Agreement, the Intel Quartus Prime License Agreement,
the Intel FPGA IP License Agreement, or other applicable license
agreement, including, without limitation, that your use is for
the sole purpose of programming logic devices manufactured by
Intel and sold by Intel or its authorized distributors.  Please
refer to the applicable agreement for further details.



+-----------------------------------------------------------------------------------+
; Flow Summary                                                                      ;
+---------------------------------+-------------------------------------------------+
; Flow Status                     ; Successful - Sat May 06 20:44:10 2023           ;
; Quartus Prime Version           ; 18.1.0 Build 625 09/12/2018 SJ Standard Edition ;
; Revision Name                   ; GRP-ReCOP                                       ;
; Top-level Entity Name           ; top                                             ;
; Family                          ; Cyclone V                                       ;
; Device                          ; 5CSEMA5F31C6                                    ;
; Timing Models                   ; Final                                           ;
; Logic utilization (in ALMs)     ; 223 / 32,070 ( < 1 % )                          ;
; Total registers                 ; 118                                             ;
; Total pins                      ; 21 / 457 ( 5 % )                                ;
; Total virtual pins              ; 0                                               ;
; Total block memory bits         ; 66,048 / 4,065,280 ( 2 % )                      ;
; Total DSP Blocks                ; 0 / 87 ( 0 % )                                  ;
; Total HSSI RX PCSs              ; 0                                               ;
; Total HSSI PMA RX Deserializers ; 0                                               ;
; Total HSSI TX PCSs              ; 0                                               ;
; Total HSSI PMA TX Serializers   ; 0                                               ;
; Total PLLs                      ; 0 / 6 ( 0 % )                                   ;
; Total DLLs                      ; 0 / 4 ( 0 % )                                   ;
+---------------------------------+-------------------------------------------------+


+-----------------------------------------+
; Flow Settings                           ;
+-------------------+---------------------+
; Option            ; Setting             ;
+-------------------+---------------------+
; Start date & time ; 05/06/2023 20:42:10 ;
; Main task         ; Compilation         ;
; Revision Name     ; GRP-ReCOP           ;
+-------------------+---------------------+


+--------------------------------------------------------------------------------------------------------------------------------------------------+
; Flow Non-Default Global Settings                                                                                                                 ;
+-------------------------------------+-------------------------------------------------------------+---------------+-------------+----------------+
; Assignment Name                     ; Value                                                       ; Default Value ; Entity Name ; Section Id     ;
+-------------------------------------+-------------------------------------------------------------+---------------+-------------+----------------+
; COMPILER_SIGNATURE_ID               ; 251053328726794.168336253018344                             ; --            ; --          ; --             ;
; EDA_OUTPUT_DATA_FORMAT              ; Vhdl                                                        ; --            ; --          ; eda_simulation ;
; EDA_SIMULATION_TOOL                 ; ModelSim-Altera (VHDL)                                      ; <None>        ; --          ; --             ;
; MAX_CORE_JUNCTION_TEMP              ; 85                                                          ; --            ; --          ; --             ;
; MIN_CORE_JUNCTION_TEMP              ; 0                                                           ; --            ; --          ; --             ;
; MISC_FILE                           ; clock/sys_clock/synthesis/../sys_clock.cmp                  ; --            ; --          ; --             ;
; MISC_FILE                           ; clock/sys_clock/synthesis/../../sys_clock.qsys              ; --            ; --          ; --             ;
; MISC_FILE                           ; memory_block/memory_block.bsf                               ; --            ; --          ; --             ;
; MISC_FILE                           ; memory_block/memory_block_inst.vhd                          ; --            ; --          ; --             ;
; MISC_FILE                           ; memory_block/memory_block.inc                               ; --            ; --          ; --             ;
; MISC_FILE                           ; memory_block/memory_block.cmp                               ; --            ; --          ; --             ;
; MISC_FILE                           ; memory_block/memory_block_syn.v                             ; --            ; --          ; --             ;
; PARTITION_COLOR                     ; -- (Not supported for targeted family)                      ; --            ; top         ; Top            ;
; PARTITION_FITTER_PRESERVATION_LEVEL ; -- (Not supported for targeted family)                      ; --            ; top         ; Top            ;
; PARTITION_NETLIST_TYPE              ; -- (Not supported for targeted family)                      ; --            ; top         ; Top            ;
; POWER_BOARD_THERMAL_MODEL           ; None (CONSERVATIVE)                                         ; --            ; --          ; --             ;
; POWER_PRESET_COOLING_SOLUTION       ; 23 MM HEAT SINK WITH 200 LFPM AIRFLOW                       ; --            ; --          ; --             ;
; PROJECT_OUTPUT_DIRECTORY            ; output_files                                                ; --            ; --          ; --             ;
; SLD_FILE                            ; clock/sys_clock/synthesis/sys_clock.debuginfo               ; --            ; --          ; --             ;
; SLD_INFO                            ; QSYS_NAME sys_clock HAS_SOPCINFO 1 GENERATION_ID 1683253197 ; --            ; sys_clock   ; --             ;
; SOPCINFO_FILE                       ; clock/sys_clock/synthesis/../../sys_clock.sopcinfo          ; --            ; --          ; --             ;
; SYNTHESIS_ONLY_QIP                  ; On                                                          ; --            ; --          ; --             ;
; TOP_LEVEL_ENTITY                    ; top                                                         ; GRP-ReCOP     ; --          ; --             ;
+-------------------------------------+-------------------------------------------------------------+---------------+-------------+----------------+


+--------------------------------------------------------------------------------------------------------------------------+
; Flow Elapsed Time                                                                                                        ;
+----------------------+--------------+-------------------------+---------------------+------------------------------------+
; Module Name          ; Elapsed Time ; Average Processors Used ; Peak Virtual Memory ; Total CPU Time (on all processors) ;
+----------------------+--------------+-------------------------+---------------------+------------------------------------+
; Analysis & Synthesis ; 00:00:10     ; 1.0                     ; 4911 MB             ; 00:00:18                           ;
; Fitter               ; 00:01:34     ; 1.0                     ; 7127 MB             ; 00:02:52                           ;
; Assembler            ; 00:00:06     ; 1.0                     ; 4836 MB             ; 00:00:06                           ;
; Timing Analyzer      ; 00:00:05     ; 1.6                     ; 5223 MB             ; 00:00:07                           ;
; EDA Netlist Writer   ; 00:00:02     ; 1.0                     ; 4750 MB             ; 00:00:01                           ;
; Total                ; 00:01:57     ; --                      ; --                  ; 00:03:24                           ;
+----------------------+--------------+-------------------------+---------------------+------------------------------------+


+------------------------------------------------------------------------------------+
; Flow OS Summary                                                                    ;
+----------------------+------------------+------------+------------+----------------+
; Module Name          ; Machine Hostname ; OS Name    ; OS Version ; Processor type ;
+----------------------+------------------+------------+------------+----------------+
; Analysis & Synthesis ; EN399253         ; Windows 10 ; 10.0       ; x86_64         ;
; Fitter               ; EN399253         ; Windows 10 ; 10.0       ; x86_64         ;
; Assembler            ; EN399253         ; Windows 10 ; 10.0       ; x86_64         ;
; Timing Analyzer      ; EN399253         ; Windows 10 ; 10.0       ; x86_64         ;
; EDA Netlist Writer   ; EN399253         ; Windows 10 ; 10.0       ; x86_64         ;
+----------------------+------------------+------------+------------+----------------+


------------
; Flow Log ;
------------
quartus_map --read_settings_files=on --write_settings_files=off GRP-ReCOP -c GRP-ReCOP
quartus_fit --read_settings_files=off --write_settings_files=off GRP-ReCOP -c GRP-ReCOP
quartus_asm --read_settings_files=off --write_settings_files=off GRP-ReCOP -c GRP-ReCOP
quartus_sta GRP-ReCOP -c GRP-ReCOP
quartus_eda --read_settings_files=off --write_settings_files=off GRP-ReCOP -c GRP-ReCOP



